This is XeTeX, Version 3.141592653-2.6-0.999996 (TeX Live 2024) (preloaded format=xelatex 2024.3.22)  7 JUN 2026 21:44
entering extended mode
 restricted \write18 enabled.
 %&-line parsing enabled.
**main.tex
(./main.tex
LaTeX2e <2023-11-01> patch level 1
L3 programming layer <2024-03-14>
(/vapps/rhel9/x86_64/texlive/2024/texmf-dist/tex/latex/base/article.cls
Document Class: article 2023/05/17 v1.4n Standard LaTeX document class
(/vapps/rhel9/x86_64/texlive/2024/texmf-dist/tex/latex/base/size11.clo
File: size11.clo 2023/05/17 v1.4n Standard LaTeX file (size option)
)
\c@part=\count184
\c@section=\count185
\c@subsection=\count186
\c@subsubsection=\count187
\c@paragraph=\count188
\c@subparagraph=\count189
\c@figure=\count190
\c@table=\count191
\abovecaptionskip=\skip48
\belowcaptionskip=\skip49
\bibindent=\dimen140
)
(./acl.sty
Conference Style for ACL
(/vapps/rhel9/x86_64/texlive/2024/texmf-dist/tex/latex/xcolor/xcolor.sty
Package: xcolor 2023/11/15 v3.01 LaTeX color extensions (UK)

(/vapps/rhel9/x86_64/texlive/2024/texmf-dist/tex/latex/graphics-cfg/color.cfg
File: color.cfg 2016/01/02 v1.6 sample color configuration
)
Package xcolor Info: Driver file: xetex.def on input line 274.

(/vapps/rhel9/x86_64/texlive/2024/texmf-dist/tex/latex/graphics-def/xetex.def
File: xetex.def 2022/09/22 v5.0n Graphics/color driver for xetex
)
(/vapps/rhel9/x86_64/texlive/2024/texmf-dist/tex/latex/graphics/mathcolor.ltx)
Package xcolor Info: Model `cmy' substituted by `cmy0' on input line 1350.
Package xcolor Info: Model `RGB' extended on input line 1366.
Package xcolor Info: Model `HTML' substituted by `rgb' on input line 1368.
Package xcolor Info: Model `Hsb' substituted by `hsb' on input line 1369.
Package xcolor Info: Model `tHsb' substituted by `hsb' on input line 1370.
Package xcolor Info: Model `HSB' substituted by `hsb' on input line 1371.
Package xcolor Info: Model `Gray' substituted by `gray' on input line 1372.
Package xcolor Info: Model `wave' substituted by `hsb' on input line 1373.
) (/vapps/rhel9/x86_64/texlive/2024/texmf-dist/tex/latex/lineno/lineno.sty
Package: lineno 2023/05/20 line numbers on paragraphs v5.3

(/vapps/rhel9/x86_64/texlive/2024/texmf-dist/tex/latex/etoolbox/etoolbox.sty
Package: etoolbox 2020/10/05 v2.5k e-TeX tools for LaTeX (JAW)
\etb@tempcnta=\count192
)
Invalid UTF-8 byte or sequence at line 292 replaced by U+FFFD.

(/vapps/rhel9/x86_64/texlive/2024/texmf-dist/tex/latex/kvoptions/kvoptions.sty
Package: kvoptions 2022-06-15 v3.15 Key value format for package options (HO)

(/vapps/rhel9/x86_64/texlive/2024/texmf-dist/tex/latex/graphics/keyval.sty
Package: keyval 2022/05/29 v1.15 key=value parser (DPC)
\KV@toks@=\toks17
)
(/vapps/rhel9/x86_64/texlive/2024/texmf-dist/tex/generic/ltxcmds/ltxcmds.sty
Package: ltxcmds 2023-12-04 v1.26 LaTeX kernel commands for general use (HO)
)
(/vapps/rhel9/x86_64/texlive/2024/texmf-dist/tex/latex/kvsetkeys/kvsetkeys.sty
Package: kvsetkeys 2022-10-05 v1.19 Key value parser (HO)
))
\linenopenalty=\count193
\output=\toks18
\linenoprevgraf=\count194
\linenumbersep=\dimen141
\linenumberwidth=\dimen142
\c@linenumber=\count195
\c@pagewiselinenumber=\count196
\c@LN@truepage=\count197
\c@internallinenumber=\count198
\c@internallinenumbers=\count199
\quotelinenumbersep=\dimen143
\bframerule=\dimen144
\bframesep=\dimen145
\bframebox=\box51
LaTeX Info: Redefining \\ on input line 3180.
)
\cv@tmpc@=\count266
\cv@tmpc=\count267
 (/vapps/rhel9/x86_64/texlive/2024/texmf-dist/tex/latex/geometry/geometry.sty
Package: geometry 2020/01/02 v5.9 Page Geometry
(/vapps/rhel9/x86_64/texlive/2024/texmf-dist/tex/generic/iftex/ifvtex.sty
Package: ifvtex 2019/10/25 v1.7 ifvtex legacy package. Use iftex instead.

(/vapps/rhel9/x86_64/texlive/2024/texmf-dist/tex/generic/iftex/iftex.sty
Package: iftex 2022/02/03 v1.0f TeX engine tests
))
\Gm@cnth=\count268
\Gm@cntv=\count269
\c@Gm@tempcnt=\count270
\Gm@bindingoffset=\dimen146
\Gm@wd@mp=\dimen147
\Gm@odd@mp=\dimen148
\Gm@even@mp=\dimen149
\Gm@layoutwidth=\dimen150
\Gm@layoutheight=\dimen151
\Gm@layouthoffset=\dimen152
\Gm@layoutvoffset=\dimen153
\Gm@dimlist=\toks19
)
\titlebox=\skip50

(/vapps/rhel9/x86_64/texlive/2024/texmf-dist/tex/latex/caption/caption.sty
Package: caption 2023/08/05 v3.6o Customizing captions (AR)

(/vapps/rhel9/x86_64/texlive/2024/texmf-dist/tex/latex/caption/caption3.sty
Package: caption3 2023/07/31 v2.4d caption3 kernel (AR)
\caption@tempdima=\dimen154
\captionmargin=\dimen155
\caption@leftmargin=\dimen156
\caption@rightmargin=\dimen157
\caption@width=\dimen158
\caption@indent=\dimen159
\caption@parindent=\dimen160
\caption@hangindent=\dimen161
Package caption Info: Standard document class detected.
)
\c@caption@flags=\count271
\c@continuedfloat=\count272
)
(/vapps/rhel9/x86_64/texlive/2024/texmf-dist/tex/latex/natbib/natbib.sty
Package: natbib 2010/09/13 8.31b (PWD, AO)
\bibhang=\skip51
\bibsep=\skip52
LaTeX Info: Redefining \cite on input line 694.
\c@NAT@ctr=\count273
)
(/vapps/rhel9/x86_64/texlive/2024/texmf-dist/tex/latex/hyperref/hyperref.sty
Package: hyperref 2024-01-20 v7.01h Hypertext links for LaTeX

(/vapps/rhel9/x86_64/texlive/2024/texmf-dist/tex/generic/kvdefinekeys/kvdefinek
eys.sty
Package: kvdefinekeys 2019-12-19 v1.6 Define keys (HO)
)
(/vapps/rhel9/x86_64/texlive/2024/texmf-dist/tex/generic/pdfescape/pdfescape.st
y
Package: pdfescape 2019/12/09 v1.15 Implements pdfTeX's escape features (HO)

(/vapps/rhel9/x86_64/texlive/2024/texmf-dist/tex/generic/pdftexcmds/pdftexcmds.
sty
Package: pdftexcmds 2020-06-27 v0.33 Utility functions of pdfTeX for LuaTeX (HO
)

(/vapps/rhel9/x86_64/texlive/2024/texmf-dist/tex/generic/infwarerr/infwarerr.st
y
Package: infwarerr 2019/12/03 v1.5 Providing info/warning/error messages (HO)
)
Package pdftexcmds Info: \pdf@primitive is available.
Package pdftexcmds Info: \pdf@ifprimitive is available.
Package pdftexcmds Info: \pdfdraftmode not found.
)) (/vapps/rhel9/x86_64/texlive/2024/texmf-dist/tex/latex/hycolor/hycolor.sty
Package: hycolor 2020-01-27 v1.10 Color options for hyperref/bookmark (HO)
) (/vapps/rhel9/x86_64/texlive/2024/texmf-dist/tex/latex/auxhook/auxhook.sty
Package: auxhook 2019-12-17 v1.6 Hooks for auxiliary files (HO)
)
(/vapps/rhel9/x86_64/texlive/2024/texmf-dist/tex/latex/hyperref/nameref.sty
Package: nameref 2023-11-26 v2.56 Cross-referencing by name of section

(/vapps/rhel9/x86_64/texlive/2024/texmf-dist/tex/latex/refcount/refcount.sty
Package: refcount 2019/12/15 v3.6 Data extraction from label references (HO)
)
(/vapps/rhel9/x86_64/texlive/2024/texmf-dist/tex/generic/gettitlestring/gettitl
estring.sty
Package: gettitlestring 2019/12/15 v1.6 Cleanup title references (HO)
)
\c@section@level=\count274
)
\@linkdim=\dimen162
\Hy@linkcounter=\count275
\Hy@pagecounter=\count276

(/vapps/rhel9/x86_64/texlive/2024/texmf-dist/tex/latex/hyperref/pd1enc.def
File: pd1enc.def 2024-01-20 v7.01h Hyperref: PDFDocEncoding definition (HO)
)
(/vapps/rhel9/x86_64/texlive/2024/texmf-dist/tex/generic/intcalc/intcalc.sty
Package: intcalc 2019/12/15 v1.3 Expandable calculations with integers (HO)
)
\Hy@SavedSpaceFactor=\count277

(/vapps/rhel9/x86_64/texlive/2024/texmf-dist/tex/latex/hyperref/puenc.def
File: puenc.def 2024-01-20 v7.01h Hyperref: PDF Unicode definition (HO)
)
Package hyperref Info: Option `breaklinks' set `true' on input line 4062.
Package hyperref Info: Hyper figures OFF on input line 4179.
Package hyperref Info: Link nesting OFF on input line 4184.
Package hyperref Info: Hyper index ON on input line 4187.
Package hyperref Info: Plain pages OFF on input line 4194.
Package hyperref Info: Backreferencing OFF on input line 4199.
Package hyperref Info: Implicit mode ON; LaTeX internals redefined.
Package hyperref Info: Bookmarks ON on input line 4446.
\c@Hy@tempcnt=\count278

(/vapps/rhel9/x86_64/texlive/2024/texmf-dist/tex/latex/url/url.sty
\Urlmuskip=\muskip16
Package: url 2013/09/16  ver 3.4  Verb mode for urls, etc.
)
LaTeX Info: Redefining \url on input line 4784.
\XeTeXLinkMargin=\dimen163

(/vapps/rhel9/x86_64/texlive/2024/texmf-dist/tex/generic/bitset/bitset.sty
Package: bitset 2019/12/09 v1.3 Handle bit-vector datatype (HO)

(/vapps/rhel9/x86_64/texlive/2024/texmf-dist/tex/generic/bigintcalc/bigintcalc.
sty
Package: bigintcalc 2019/12/15 v1.5 Expandable calculations on big integers (HO
)
))
\Fld@menulength=\count279
\Field@Width=\dimen164
\Fld@charsize=\dimen165
Package hyperref Info: Hyper figures OFF on input line 6063.
Package hyperref Info: Link nesting OFF on input line 6068.
Package hyperref Info: Hyper index ON on input line 6071.
Package hyperref Info: backreferencing OFF on input line 6078.
Package hyperref Info: Link coloring OFF on input line 6083.
Package hyperref Info: Link coloring with OCG OFF on input line 6088.
Package hyperref Info: PDF/A mode OFF on input line 6093.

(/vapps/rhel9/x86_64/texlive/2024/texmf-dist/tex/latex/base/atbegshi-ltx.sty
Package: atbegshi-ltx 2021/01/10 v1.0c Emulation of the original atbegshi
package with kernel methods
)
\Hy@abspage=\count280
\c@Item=\count281
\c@Hfootnote=\count282
)
Package hyperref Info: Driver (autodetected): hxetex.

(/vapps/rhel9/x86_64/texlive/2024/texmf-dist/tex/latex/hyperref/hxetex.def
File: hxetex.def 2024-01-20 v7.01h Hyperref driver for XeTeX

(/vapps/rhel9/x86_64/texlive/2024/texmf-dist/tex/generic/stringenc/stringenc.st
y
Package: stringenc 2019/11/29 v1.12 Convert strings between diff. encodings (HO
)
)
\pdfm@box=\box52
\c@Hy@AnnotLevel=\count283
\HyField@AnnotCount=\count284
\Fld@listcount=\count285
\c@bookmark@seq@number=\count286

(/vapps/rhel9/x86_64/texlive/2024/texmf-dist/tex/latex/rerunfilecheck/rerunfile
check.sty
Package: rerunfilecheck 2022-07-10 v1.10 Rerun checks for auxiliary files (HO)

(/vapps/rhel9/x86_64/texlive/2024/texmf-dist/tex/latex/base/atveryend-ltx.sty
Package: atveryend-ltx 2020/08/19 v1.0a Emulation of the original atveryend pac
kage
with kernel methods
)
(/vapps/rhel9/x86_64/texlive/2024/texmf-dist/tex/generic/uniquecounter/uniqueco
unter.sty
Package: uniquecounter 2019/12/15 v1.4 Provide unlimited unique counter (HO)
)
Package uniquecounter Info: New unique counter `rerunfilecheck' on input line 2
85.
)
\Hy@SectionHShift=\skip53
)
Package hyperref Info: Option `colorlinks' set `true' on input line 305.
)
(/vapps/rhel9/x86_64/texlive/2024/texmf-dist/tex/latex/fontspec/fontspec.sty
(/vapps/rhel9/x86_64/texlive/2024/texmf-dist/tex/latex/l3packages/xparse/xparse
.sty (/vapps/rhel9/x86_64/texlive/2024/texmf-dist/tex/latex/l3kernel/expl3.sty
Package: expl3 2024-03-14 L3 programming layer (loader) 

(/vapps/rhel9/x86_64/texlive/2024/texmf-dist/tex/latex/l3backend/l3backend-xete
x.def
File: l3backend-xetex.def 2024-03-14 L3 backend support: XeTeX
\g__graphics_track_int=\count287
\l__pdf_internal_box=\box53
\g__pdf_backend_object_int=\count288
\g__pdf_backend_annotation_int=\count289
\g__pdf_backend_link_int=\count290
))
Package: xparse 2024-03-14 L3 Experimental document command parser
)
Package: fontspec 2024/02/13 v2.9a Font selection for XeLaTeX and LuaLaTeX

(/vapps/rhel9/x86_64/texlive/2024/texmf-dist/tex/latex/fontspec/fontspec-xetex.
sty
Package: fontspec-xetex 2024/02/13 v2.9a Font selection for XeLaTeX and LuaLaTe
X
\l__fontspec_script_int=\count291
\l__fontspec_language_int=\count292
\l__fontspec_strnum_int=\count293
\l__fontspec_tmp_int=\count294
\l__fontspec_tmpa_int=\count295
\l__fontspec_tmpb_int=\count296
\l__fontspec_tmpc_int=\count297
\l__fontspec_em_int=\count298
\l__fontspec_emdef_int=\count299
\l__fontspec_strong_int=\count300
\l__fontspec_strongdef_int=\count301
\l__fontspec_tmpa_dim=\dimen166
\l__fontspec_tmpb_dim=\dimen167
\l__fontspec_tmpc_dim=\dimen168
 (/vapps/rhel9/x86_64/texlive/2024/texmf-dist/tex/latex/base/fontenc.sty
Package: fontenc 2021/04/29 v2.0v Standard LaTeX package
)
(/vapps/rhel9/x86_64/texlive/2024/texmf-dist/tex/latex/fontspec/fontspec.cfg)))

Package fontspec Info: Font family 'texgyretermes-regular.otf(0)' created for
(fontspec)             font 'texgyretermes-regular.otf' with options
(fontspec)             [Ligatures=TeX,BoldFont =
(fontspec)             texgyretermes-bold.otf,ItalicFont =
(fontspec)             texgyretermes-italic.otf,BoldItalicFont =
(fontspec)             texgyretermes-bolditalic.otf].
(fontspec)              
(fontspec)              This font family consists of the following NFSS
(fontspec)             series/shapes:
(fontspec)              
(fontspec)             - 'normal' (m/n) with NFSS spec.:
(fontspec)             <->"[texgyretermes-regular.otf]/OT:script=latn;language=
dflt;mapping=tex-text;"
(fontspec)             - 'small caps'  (m/sc) with NFSS spec.:
(fontspec)             <->"[texgyretermes-regular.otf]/OT:script=latn;language=
dflt;+smcp;mapping=tex-text;"
(fontspec)             - 'bold' (b/n) with NFSS spec.:
(fontspec)             <->"[texgyretermes-bold.otf]/OT:script=latn;language=dfl
t;mapping=tex-text;"
(fontspec)             - 'bold small caps'  (b/sc) with NFSS spec.:
(fontspec)             <->"[texgyretermes-bold.otf]/OT:script=latn;language=dfl
t;+smcp;mapping=tex-text;"
(fontspec)             - 'italic' (m/it) with NFSS spec.:
(fontspec)             <->"[texgyretermes-italic.otf]/OT:script=latn;language=d
flt;mapping=tex-text;"
(fontspec)             - 'italic small caps'  (m/scit) with NFSS spec.:
(fontspec)             <->"[texgyretermes-italic.otf]/OT:script=latn;language=d
flt;+smcp;mapping=tex-text;"
(fontspec)             - 'bold italic' (b/it) with NFSS spec.:
(fontspec)             <->"[texgyretermes-bolditalic.otf]/OT:script=latn;langua
ge=dflt;mapping=tex-text;"
(fontspec)             - 'bold italic small caps'  (b/scit) with NFSS spec.:
(fontspec)             <->"[texgyretermes-bolditalic.otf]/OT:script=latn;langua
ge=dflt;+smcp;mapping=tex-text;"


Package fontspec Info: Font family 'texgyreheros-regular.otf(0)' created for
(fontspec)             font 'texgyreheros-regular.otf' with options
(fontspec)             [Ligatures=TeX,BoldFont =
(fontspec)             texgyreheros-bold.otf,ItalicFont =
(fontspec)             texgyreheros-italic.otf,BoldItalicFont =
(fontspec)             texgyreheros-bolditalic.otf].
(fontspec)              
(fontspec)              This font family consists of the following NFSS
(fontspec)             series/shapes:
(fontspec)              
(fontspec)             - 'normal' (m/n) with NFSS spec.:
(fontspec)             <->"[texgyreheros-regular.otf]/OT:script=latn;language=d
flt;mapping=tex-text;"
(fontspec)             - 'small caps'  (m/sc) with NFSS spec.:
(fontspec)             <->"[texgyreheros-regular.otf]/OT:script=latn;language=d
flt;+smcp;mapping=tex-text;"
(fontspec)             - 'bold' (b/n) with NFSS spec.:
(fontspec)             <->"[texgyreheros-bold.otf]/OT:script=latn;language=dflt
;mapping=tex-text;"
(fontspec)             - 'bold small caps'  (b/sc) with NFSS spec.:
(fontspec)             <->"[texgyreheros-bold.otf]/OT:script=latn;language=dflt
;+smcp;mapping=tex-text;"
(fontspec)             - 'italic' (m/it) with NFSS spec.:
(fontspec)             <->"[texgyreheros-italic.otf]/OT:script=latn;language=df
lt;mapping=tex-text;"
(fontspec)             - 'italic small caps'  (m/scit) with NFSS spec.:
(fontspec)             <->"[texgyreheros-italic.otf]/OT:script=latn;language=df
lt;+smcp;mapping=tex-text;"
(fontspec)             - 'bold italic' (b/it) with NFSS spec.:
(fontspec)             <->"[texgyreheros-bolditalic.otf]/OT:script=latn;languag
e=dflt;mapping=tex-text;"
(fontspec)             - 'bold italic small caps'  (b/scit) with NFSS spec.:
(fontspec)             <->"[texgyreheros-bolditalic.otf]/OT:script=latn;languag
e=dflt;+smcp;mapping=tex-text;"


Package fontspec Info: Font family 'texgyrecursor-regular.otf(0)' created for
(fontspec)             font 'texgyrecursor-regular.otf' with options
(fontspec)             [WordSpace={1,0,0},HyphenChar=None,PunctuationSpace=Word
Space].
(fontspec)              
(fontspec)              This font family consists of the following NFSS
(fontspec)             series/shapes:
(fontspec)              
(fontspec)             - 'normal' (m/n) with NFSS spec.:
(fontspec)             <->"[texgyrecursor-regular.otf]/OT:script=latn;language=
dflt;"
(fontspec)             - 'small caps'  (m/sc) with NFSS spec.:
(fontspec)             <->"[texgyrecursor-regular.otf]/OT:script=latn;language=
dflt;+smcp;"
(fontspec)             and font adjustment code:
(fontspec)             \fontdimen 2\font =1\fontdimen 2\font \fontdimen 3\font
(fontspec)             =0\fontdimen 3\font \fontdimen 4\font =0\fontdimen
(fontspec)             4\font \fontdimen 7\font =0\fontdimen 2\font
(fontspec)             \tex_hyphenchar:D \font =-1\scan_stop: 

(/vapps/rhel9/x86_64/texlive/2024/texmf-dist/tex/latex/base/latexsym.sty
Package: latexsym 1998/08/17 v2.2e Standard LaTeX package (lasy symbols)
\symlasy=\mathgroup4
LaTeX Font Info:    Overwriting symbol font `lasy' in version `bold'
(Font)                  U/lasy/m/n --> U/lasy/b/n on input line 52.
)
(/vapps/rhel9/x86_64/texlive/2024/texmf-dist/tex/latex/microtype/microtype.sty
Package: microtype 2023/03/13 v3.1a Micro-typographical refinements (RS)
\MT@toks=\toks20
\MT@tempbox=\box54
\MT@count=\count302
LaTeX Info: Redefining \noprotrusionifhmode on input line 1059.
LaTeX Info: Redefining \leftprotrusion on input line 1060.
\MT@prot@toks=\toks21
LaTeX Info: Redefining \rightprotrusion on input line 1078.
LaTeX Info: Redefining \textls on input line 1368.
\MT@outer@kern=\dimen169
LaTeX Info: Redefining \textmicrotypecontext on input line 1988.
\MT@listname@count=\count303

(/vapps/rhel9/x86_64/texlive/2024/texmf-dist/tex/latex/microtype/microtype-xete
x.def
File: microtype-xetex.def 2023/03/13 v3.1a Definitions specific to xetex (RS)
LaTeX Info: Redefining \lsstyle on input line 238.
)
Package microtype Info: Loading configuration file microtype.cfg.

(/vapps/rhel9/x86_64/texlive/2024/texmf-dist/tex/latex/microtype/microtype.cfg
File: microtype.cfg 2023/03/13 v3.1a microtype main configuration file (RS)
)) (/vapps/rhel9/x86_64/texlive/2024/texmf-dist/tex/latex/graphics/graphicx.sty
Package: graphicx 2021/09/16 v1.2d Enhanced LaTeX Graphics (DPC,SPQR)

(/vapps/rhel9/x86_64/texlive/2024/texmf-dist/tex/latex/graphics/graphics.sty
Package: graphics 2022/03/10 v1.4e Standard LaTeX Graphics (DPC,SPQR)

(/vapps/rhel9/x86_64/texlive/2024/texmf-dist/tex/latex/graphics/trig.sty
Package: trig 2021/08/11 v1.11 sin cos tan (DPC)
)
(/vapps/rhel9/x86_64/texlive/2024/texmf-dist/tex/latex/graphics-cfg/graphics.cf
g
File: graphics.cfg 2016/06/04 v1.11 sample graphics configuration
)
Package graphics Info: Driver file: xetex.def on input line 107.
)
\Gin@req@height=\dimen170
\Gin@req@width=\dimen171
)
(/vapps/rhel9/x86_64/texlive/2024/texmf-dist/tex/latex/booktabs/booktabs.sty
Package: booktabs 2020/01/12 v1.61803398 Publication quality tables
\heavyrulewidth=\dimen172
\lightrulewidth=\dimen173
\cmidrulewidth=\dimen174
\belowrulesep=\dimen175
\belowbottomsep=\dimen176
\aboverulesep=\dimen177
\abovetopsep=\dimen178
\cmidrulesep=\dimen179
\cmidrulekern=\dimen180
\defaultaddspace=\dimen181
\@cmidla=\count304
\@cmidlb=\count305
\@aboverulesep=\dimen182
\@belowrulesep=\dimen183
\@thisruleclass=\count306
\@lastruleclass=\count307
\@thisrulewidth=\dimen184
)
(/vapps/rhel9/x86_64/texlive/2024/texmf-dist/tex/latex/multirow/multirow.sty
Package: multirow 2021/03/15 v2.8 Span multiple rows of a table
\multirow@colwidth=\skip54
\multirow@cntb=\count308
\multirow@dima=\skip55
\bigstrutjot=\dimen185
)
(/vapps/rhel9/x86_64/texlive/2024/texmf-dist/tex/latex/amsmath/amsmath.sty
Package: amsmath 2023/05/13 v2.17o AMS math features
\@mathmargin=\skip56

For additional information on amsmath, use the `?' option.
(/vapps/rhel9/x86_64/texlive/2024/texmf-dist/tex/latex/amsmath/amstext.sty
Package: amstext 2021/08/26 v2.01 AMS text

(/vapps/rhel9/x86_64/texlive/2024/texmf-dist/tex/latex/amsmath/amsgen.sty
File: amsgen.sty 1999/11/30 v2.0 generic functions
\@emptytoks=\toks22
\ex@=\dimen186
))
(/vapps/rhel9/x86_64/texlive/2024/texmf-dist/tex/latex/amsmath/amsbsy.sty
Package: amsbsy 1999/11/29 v1.2d Bold Symbols
\pmbraise@=\dimen187
)
(/vapps/rhel9/x86_64/texlive/2024/texmf-dist/tex/latex/amsmath/amsopn.sty
Package: amsopn 2022/04/08 v2.04 operator names
)
\inf@bad=\count309
LaTeX Info: Redefining \frac on input line 234.
\uproot@=\count310
\leftroot@=\count311
LaTeX Info: Redefining \overline on input line 399.
LaTeX Info: Redefining \colon on input line 410.
\classnum@=\count312
\DOTSCASE@=\count313
LaTeX Info: Redefining \ldots on input line 496.
LaTeX Info: Redefining \dots on input line 499.
LaTeX Info: Redefining \cdots on input line 620.
\Mathstrutbox@=\box55
\strutbox@=\box56
LaTeX Info: Redefining \big on input line 722.
LaTeX Info: Redefining \Big on input line 723.
LaTeX Info: Redefining \bigg on input line 724.
LaTeX Info: Redefining \Bigg on input line 725.
\big@size=\dimen188
LaTeX Font Info:    Redeclaring font encoding OML on input line 743.
LaTeX Font Info:    Redeclaring font encoding OMS on input line 744.
\macc@depth=\count314
LaTeX Info: Redefining \bmod on input line 905.
LaTeX Info: Redefining \pmod on input line 910.
LaTeX Info: Redefining \smash on input line 940.
LaTeX Info: Redefining \relbar on input line 970.
LaTeX Info: Redefining \Relbar on input line 971.
\c@MaxMatrixCols=\count315
\dotsspace@=\muskip17
\c@parentequation=\count316
\dspbrk@lvl=\count317
\tag@help=\toks23
\row@=\count318
\column@=\count319
\maxfields@=\count320
\andhelp@=\toks24
\eqnshift@=\dimen189
\alignsep@=\dimen190
\tagshift@=\dimen191
\tagwidth@=\dimen192
\totwidth@=\dimen193
\lineht@=\dimen194
\@envbody=\toks25
\multlinegap=\skip57
\multlinetaggap=\skip58
\mathdisplay@stack=\toks26
LaTeX Info: Redefining \[ on input line 2953.
LaTeX Info: Redefining \] on input line 2954.
)
\linenoamsmath@ams@eqpen=\count321

(/vapps/rhel9/x86_64/texlive/2024/texmf-dist/tex/xelatex/xecjk/xeCJK.sty
Package: xeCJK 2022/08/05 v3.9.1 Typesetting CJK scripts with XeLaTeX

(/vapps/rhel9/x86_64/texlive/2024/texmf-dist/tex/latex/ctex/ctexhook.sty
Package: ctexhook 2022/07/14 v2.5.10 Document and package hooks (CTEX)
)
(/vapps/rhel9/x86_64/texlive/2024/texmf-dist/tex/latex/l3packages/xtemplate/xte
mplate.sty
(/vapps/rhel9/x86_64/texlive/2024/texmf-dist/tex/latex/l3packages/xtemplate/xte
mplate-2023-10-10.sty
Package: xtemplate 2023-10-10 L3 Experimental prototype document functions
\l__xtemplate_tmp_dim=\dimen195
\l__xtemplate_tmp_int=\count322
\l__xtemplate_tmp_muskip=\muskip18
\l__xtemplate_tmp_skip=\skip59
))
\l__xeCJK_tmp_int=\count323
\l__xeCJK_tmp_box=\box57
\l__xeCJK_tmp_dim=\dimen196
\l__xeCJK_tmp_skip=\skip60
\g__xeCJK_space_factor_int=\count324
\l__xeCJK_begin_int=\count325
\l__xeCJK_end_int=\count326
\c__xeCJK_CJK_class_int=\XeTeXcharclass1
\c__xeCJK_FullLeft_class_int=\XeTeXcharclass2
\c__xeCJK_FullRight_class_int=\XeTeXcharclass3
\c__xeCJK_HalfLeft_class_int=\XeTeXcharclass4
\c__xeCJK_HalfRight_class_int=\XeTeXcharclass5
\c__xeCJK_NormalSpace_class_int=\XeTeXcharclass6
\c__xeCJK_CM_class_int=\XeTeXcharclass7
\c__xeCJK_HangulJamo_class_int=\XeTeXcharclass8
\l__xeCJK_last_skip=\skip61
\c__xeCJK_none_node=\count327
\g__xeCJK_node_int=\count328
\c__xeCJK_CJK_node_dim=\dimen197
\c__xeCJK_CJK-space_node_dim=\dimen198
\c__xeCJK_default_node_dim=\dimen199
\c__xeCJK_CJK-widow_node_dim=\dimen256
\c__xeCJK_normalspace_node_dim=\dimen257
\c__xeCJK_default-space_node_skip=\skip62
\l__xeCJK_ccglue_skip=\skip63
\l__xeCJK_ecglue_skip=\skip64
\l__xeCJK_punct_kern_skip=\skip65
\l__xeCJK_indent_box=\box58
\l__xeCJK_last_penalty_int=\count329
\l__xeCJK_last_bound_dim=\dimen258
\l__xeCJK_last_kern_dim=\dimen259
\l__xeCJK_widow_penalty_int=\count330

Package xtemplate Info: Declaring object type 'xeCJK/punctuation' taking 0
(xtemplate)             argument(s) on line 2396.

\l__xeCJK_fixed_punct_width_dim=\dimen260
\l__xeCJK_mixed_punct_width_dim=\dimen261
\l__xeCJK_middle_punct_width_dim=\dimen262
\l__xeCJK_fixed_margin_width_dim=\dimen263
\l__xeCJK_mixed_margin_width_dim=\dimen264
\l__xeCJK_middle_margin_width_dim=\dimen265
\l__xeCJK_bound_punct_width_dim=\dimen266
\l__xeCJK_bound_margin_width_dim=\dimen267
\l__xeCJK_margin_minimum_dim=\dimen268
\l__xeCJK_kerning_total_width_dim=\dimen269
\l__xeCJK_same_align_margin_dim=\dimen270
\l__xeCJK_different_align_margin_dim=\dimen271
\l__xeCJK_kerning_margin_width_dim=\dimen272
\l__xeCJK_kerning_margin_minimum_dim=\dimen273
\l__xeCJK_bound_dim=\dimen274
\l__xeCJK_reverse_bound_dim=\dimen275
\l__xeCJK_margin_dim=\dimen276
\l__xeCJK_minimum_bound_dim=\dimen277
\l__xeCJK_kerning_margin_dim=\dimen278
\g__xeCJK_family_int=\count331
\l__xeCJK_fam_int=\count332
\g__xeCJK_fam_allocation_int=\count333
\l__xeCJK_verb_case_int=\count334
\l__xeCJK_verb_exspace_skip=\skip66

(/vapps/rhel9/x86_64/texlive/2024/texmf-dist/tex/xelatex/xecjk/xeCJK.cfg
File: xeCJK.cfg 2022/08/05 v3.9.1 Configuration file for xeCJK package
))

! Package fontspec Error: The font "Noto Serif CJK SC" cannot be found.

For immediate help type H <return>.
 ...                                              
                                                  
l.23 ...oto Serif CJK SC Bold}]{Noto Serif CJK SC}
                                                  

A font might not be found for many reasons.
 Check the spelling, where the font is installed etc. etc.

 When in doubt, ask someone for help!



Package fontspec Warning: Font "Noto Serif CJK SC" does not contain requested
(fontspec)                Script "CJK".


Package fontspec Info: Could not resolve font "Noto Serif CJK SC Bold/I" (it
(fontspec)             probably doesn't exist).


Package fontspec Info: Could not resolve font "Noto Serif CJK SC/BI" (it
(fontspec)             probably doesn't exist).


Package fontspec Info: Could not resolve font "Noto Serif CJK SC/I" (it
(fontspec)             probably doesn't exist).


! Package fontspec Error: The font "Noto Serif CJK SC" cannot be found.

For immediate help type H <return>.
 ...                                              
                                                  
l.23 ...oto Serif CJK SC Bold}]{Noto Serif CJK SC}
                                                  

A font might not be found for many reasons.
 Check the spelling, where the font is installed etc. etc.

 When in doubt, ask someone for help!



! Package fontspec Error: The font "Noto Serif CJK SC" cannot be found.

For immediate help type H <return>.
 ...                                              
                                                  
l.23 ...oto Serif CJK SC Bold}]{Noto Serif CJK SC}
                                                  

A font might not be found for many reasons.
 Check the spelling, where the font is installed etc. etc.

 When in doubt, ask someone for help!



! Package fontspec Error: The font "Noto Serif CJK SC Bold" cannot be found.

For immediate help type H <return>.
 ...                                              
                                                  
l.23 ...oto Serif CJK SC Bold}]{Noto Serif CJK SC}
                                                  

A font might not be found for many reasons.
 Check the spelling, where the font is installed etc. etc.

 When in doubt, ask someone for help!



! Package fontspec Error: The font "Noto Serif CJK SC Bold" cannot be found.

For immediate help type H <return>.
 ...                                              
                                                  
l.23 ...oto Serif CJK SC Bold}]{Noto Serif CJK SC}
                                                  

A font might not be found for many reasons.
 Check the spelling, where the font is installed etc. etc.

 When in doubt, ask someone for help!



Package fontspec Info: Font family 'NotoSerifCJKSC(0)' created for font 'Noto
(fontspec)             Serif CJK SC' with options [Script={CJK},BoldFont={Noto
(fontspec)             Serif CJK SC Bold}].
(fontspec)              
(fontspec)              This font family consists of the following NFSS
(fontspec)             series/shapes:
(fontspec)              
(fontspec)             - 'normal' (m/n) with NFSS spec.: <->"Noto Serif CJK
(fontspec)             SC/OT"
(fontspec)             - 'small caps'  (m/sc) with NFSS spec.: <->"Noto Serif
(fontspec)             CJK SC/OT"
(fontspec)             - 'bold' (b/n) with NFSS spec.: <->"Noto Serif CJK SC
(fontspec)             Bold/OT"
(fontspec)             - 'bold small caps'  (b/sc) with NFSS spec.: <->"Noto
(fontspec)             Serif CJK SC Bold/OT"

(./main.aux)
\openout1 = `main.aux'.

LaTeX Font Info:    Checking defaults for OML/cmm/m/it on input line 38.
LaTeX Font Info:    ... okay on input line 38.
LaTeX Font Info:    Checking defaults for OMS/cmsy/m/n on input line 38.
LaTeX Font Info:    ... okay on input line 38.
LaTeX Font Info:    Checking defaults for OT1/cmr/m/n on input line 38.
LaTeX Font Info:    ... okay on input line 38.
LaTeX Font Info:    Checking defaults for T1/cmr/m/n on input line 38.
LaTeX Font Info:    ... okay on input line 38.
LaTeX Font Info:    Checking defaults for TS1/cmr/m/n on input line 38.
LaTeX Font Info:    Trying to load font information for TS1+cmr on input line 3
8.

(/vapps/rhel9/x86_64/texlive/2024/texmf-dist/tex/latex/base/ts1cmr.fd
File: ts1cmr.fd 2023/04/13 v2.5m Standard LaTeX font definitions
)
LaTeX Font Info:    ... okay on input line 38.
LaTeX Font Info:    Checking defaults for TU/lmr/m/n on input line 38.
LaTeX Font Info:    ... okay on input line 38.
LaTeX Font Info:    Checking defaults for OMX/cmex/m/n on input line 38.
LaTeX Font Info:    ... okay on input line 38.
LaTeX Font Info:    Checking defaults for U/cmr/m/n on input line 38.
LaTeX Font Info:    ... okay on input line 38.
LaTeX Font Info:    Checking defaults for PD1/pdf/m/n on input line 38.
LaTeX Font Info:    ... okay on input line 38.
LaTeX Font Info:    Checking defaults for PU/pdf/m/n on input line 38.
LaTeX Font Info:    ... okay on input line 38.

*geometry* driver: auto-detecting
*geometry* detected driver: xetex
*geometry* verbose mode - [ preamble ] result:
* driver: xetex
* paper: a4paper
* layout: <same size as paper>
* layoutoffset:(h,v)=(0.0pt,0.0pt)
* modes: heightrounded 
* h-part:(L,W,R)=(71.13188pt, 455.24411pt, 71.13188pt)
* v-part:(T,H,B)=(71.13188pt, 702.78308pt, 71.13188pt)
* \paperwidth=597.50787pt
* \paperheight=845.04684pt
* \textwidth=455.24411pt
* \textheight=704.60031pt
* \oddsidemargin=-1.1381pt
* \evensidemargin=-1.1381pt
* \topmargin=-38.1381pt
* \headheight=12.0pt
* \headsep=25.0pt
* \topskip=11.0pt
* \footskip=30.0pt
* \marginparwidth=59.0pt
* \marginparsep=10.0pt
* \columnsep=17.07182pt
* \skip\footins=9.0pt plus 4.0pt minus 2.0pt
* \hoffset=0.0pt
* \voffset=0.0pt
* \mag=1000
* \@twocolumntrue
* \@twosidefalse
* \@mparswitchfalse
* \@reversemarginfalse
* (1in=72.27pt=25.4mm, 1cm=28.453pt)

Package caption Info: Begin \AtBeginDocument code.
Package caption Info: hyperref package is loaded.
Package caption Info: End \AtBeginDocument code.
Package hyperref Info: Link coloring ON on input line 38.
(./main.out) (./main.out)
\@outlinefile=\write3
\openout3 = `main.out'.


Package fontspec Info: Adjusting the maths setup (use [no-math] to avoid
(fontspec)             this).

\symlegacymaths=\mathgroup5
LaTeX Font Info:    Overwriting symbol font `legacymaths' in version `bold'
(Font)                  OT1/cmr/m/n --> OT1/cmr/bx/n on input line 38.
LaTeX Font Info:    Redeclaring math accent \acute on input line 38.
LaTeX Font Info:    Redeclaring math accent \grave on input line 38.
LaTeX Font Info:    Redeclaring math accent \ddot on input line 38.
LaTeX Font Info:    Redeclaring math accent \tilde on input line 38.
LaTeX Font Info:    Redeclaring math accent \bar on input line 38.
LaTeX Font Info:    Redeclaring math accent \breve on input line 38.
LaTeX Font Info:    Redeclaring math accent \check on input line 38.
LaTeX Font Info:    Redeclaring math accent \hat on input line 38.
LaTeX Font Info:    Redeclaring math accent \dot on input line 38.
LaTeX Font Info:    Redeclaring math accent \mathring on input line 38.
LaTeX Font Info:    Redeclaring math symbol \Gamma on input line 38.
LaTeX Font Info:    Redeclaring math symbol \Delta on input line 38.
LaTeX Font Info:    Redeclaring math symbol \Theta on input line 38.
LaTeX Font Info:    Redeclaring math symbol \Lambda on input line 38.
LaTeX Font Info:    Redeclaring math symbol \Xi on input line 38.
LaTeX Font Info:    Redeclaring math symbol \Pi on input line 38.
LaTeX Font Info:    Redeclaring math symbol \Sigma on input line 38.
LaTeX Font Info:    Redeclaring math symbol \Upsilon on input line 38.
LaTeX Font Info:    Redeclaring math symbol \Phi on input line 38.
LaTeX Font Info:    Redeclaring math symbol \Psi on input line 38.
LaTeX Font Info:    Redeclaring math symbol \Omega on input line 38.
LaTeX Font Info:    Redeclaring math symbol \mathdollar on input line 38.
LaTeX Font Info:    Redeclaring symbol font `operators' on input line 38.
LaTeX Font Info:    Encoding `OT1' has changed to `TU' for symbol font
(Font)              `operators' in the math version `normal' on input line 38.
LaTeX Font Info:    Overwriting symbol font `operators' in version `normal'
(Font)                  OT1/cmr/m/n --> TU/texgyretermes-regular.otf(0)/m/n on 
input line 38.
LaTeX Font Info:    Encoding `OT1' has changed to `TU' for symbol font
(Font)              `operators' in the math version `bold' on input line 38.
LaTeX Font Info:    Overwriting symbol font `operators' in version `bold'
(Font)                  OT1/cmr/bx/n --> TU/texgyretermes-regular.otf(0)/m/n on
 input line 38.
LaTeX Font Info:    Overwriting symbol font `operators' in version `normal'
(Font)                  TU/texgyretermes-regular.otf(0)/m/n --> TU/texgyreterme
s-regular.otf(0)/m/n on input line 38.
LaTeX Font Info:    Overwriting math alphabet `\mathit' in version `normal'
(Font)                  OT1/cmr/m/it --> TU/texgyretermes-regular.otf(0)/m/it o
n input line 38.
LaTeX Font Info:    Overwriting math alphabet `\mathbf' in version `normal'
(Font)                  OT1/cmr/bx/n --> TU/texgyretermes-regular.otf(0)/b/n on
 input line 38.
LaTeX Font Info:    Overwriting math alphabet `\mathsf' in version `normal'
(Font)                  OT1/cmss/m/n --> TU/texgyreheros-regular.otf(0)/m/n on 
input line 38.
LaTeX Font Info:    Overwriting math alphabet `\mathtt' in version `normal'
(Font)                  OT1/cmtt/m/n --> TU/texgyrecursor-regular.otf(0)/m/n on
 input line 38.
LaTeX Font Info:    Overwriting symbol font `operators' in version `bold'
(Font)                  TU/texgyretermes-regular.otf(0)/m/n --> TU/texgyreterme
s-regular.otf(0)/b/n on input line 38.
LaTeX Font Info:    Overwriting math alphabet `\mathit' in version `bold'
(Font)                  OT1/cmr/bx/it --> TU/texgyretermes-regular.otf(0)/b/it 
on input line 38.
LaTeX Font Info:    Overwriting math alphabet `\mathsf' in version `bold'
(Font)                  OT1/cmss/bx/n --> TU/texgyreheros-regular.otf(0)/b/n on
 input line 38.
LaTeX Font Info:    Overwriting math alphabet `\mathtt' in version `bold'
(Font)                  OT1/cmtt/m/n --> TU/texgyrecursor-regular.otf(0)/b/n on
 input line 38.
LaTeX Info: Redefining \microtypecontext on input line 38.
Package microtype Info: Applying patch `item' on input line 38.
Package microtype Info: Applying patch `toc' on input line 38.
Package microtype Info: Applying patch `eqnum' on input line 38.
Package microtype Info: Applying patch `footnote' on input line 38.
Package microtype Info: Applying patch `verbatim' on input line 38.
Package microtype Info: Character protrusion enabled (level 2).
Package microtype Info: Using default protrusion set `alltext'.
Package microtype Info: No adjustment of tracking.
Package microtype Info: No adjustment of spacing.
Package microtype Info: No adjustment of kerning.
Package microtype Info: Loading generic protrusion settings for font family
(microtype)             `texgyretermes-regular.otf' (encoding: TU).
(microtype)             For optimal results, create family-specific settings.
(microtype)             See the microtype manual for details.
LaTeX Font Info:    Trying to load font information for U+lasy on input line 39
.

(/vapps/rhel9/x86_64/texlive/2024/texmf-dist/tex/latex/base/ulasy.fd
File: ulasy.fd 1998/08/17 v2.2e LaTeX symbol font definitions
)
(/vapps/rhel9/x86_64/texlive/2024/texmf-dist/tex/latex/microtype/mt-cmr.cfg
File: mt-cmr.cfg 2013/05/19 v2.2 microtype config. file: Computer Modern Roman 
(RS)
)
! Font TU/NotoSerifCJKSC(0)/m/n/10="Noto Serif CJK SC/OT" at 10.0pt not loadabl
e: Metric (TFM) file or installed font not found.
<to be read again> 
                   relax 
l.42 ... elaboration that ruins what it touches: 画
                                                  蛇添足 (\textit{huà shé tiān ...
I wasn't able to read the size data for this font,
so I will ignore the font specification.
[Wizards can fix TFM files using TFtoPL/PLtoTF.]
You might try inserting a different font spec;
e.g., type `I\font<same font id>=<substitute font name>'.

Missing character: There is no 画 (U+753B) in font [texgyretermes-regular.otf]/O
T:script=latn;language=dflt;mapping=tex-text;!
Missing character: There is no 蛇 (U+86C7) in font [texgyretermes-regular.otf]/O
T:script=latn;language=dflt;mapping=tex-text;!
Missing character: There is no 添 (U+6DFB) in font [texgyretermes-regular.otf]/O
T:script=latn;language=dflt;mapping=tex-text;!
Missing character: There is no 足 (U+8DB3) in font [texgyretermes-regular.otf]/O
T:script=latn;language=dflt;mapping=tex-text;!

Underfull \hbox (badness 1655) in paragraph at lines 42--43
\TU/texgyretermes-regular.otf(0)/m/n/10 a length artifact while consistently hu
rting
 []

! Font TU/NotoSerifCJKSC(0)/m/n/10.95="Noto Serif CJK SC/OT" at 10.95pt not loa
dable: Metric (TFM) file or installed font not found.
<to be read again> 
                   relax 
l.50 ... scripts do not. A single character like 明
                                                   (\textit{míng}, ``bright'...
I wasn't able to read the size data for this font,
so I will ignore the font specification.
[Wizards can fix TFM files using TFtoPL/PLtoTF.]
You might try inserting a different font spec;
e.g., type `I\font<same font id>=<substitute font name>'.

Missing character: There is no 明 (U+660E) in font [texgyretermes-regular.otf]/O
T:script=latn;language=dflt;mapping=tex-text;!
Missing character: There is no 日 (U+65E5) in font [texgyretermes-regular.otf]/O
T:script=latn;language=dflt;mapping=tex-text;!
Missing character: There is no 月 (U+6708) in font [texgyretermes-regular.otf]/O
T:script=latn;language=dflt;mapping=tex-text;!
Missing character: There is no 氵 (U+6C35) in font [texgyretermes-regular.otf]/O
T:script=latn;language=dflt;mapping=tex-text;!
Missing character: There is no 河 (U+6CB3) in font [texgyretermes-regular.otf]/O
T:script=latn;language=dflt;mapping=tex-text;!
Missing character: There is no 湖 (U+6E56) in font [texgyretermes-regular.otf]/O
T:script=latn;language=dflt;mapping=tex-text;!
Missing character: There is no 海 (U+6D77) in font [texgyretermes-regular.otf]/O
T:script=latn;language=dflt;mapping=tex-text;!
Missing character: There is no 画 (U+753B) in font [texgyretermes-regular.otf]/O
T:script=latn;language=dflt;mapping=tex-text;!
Missing character: There is no 蛇 (U+86C7) in font [texgyretermes-regular.otf]/O
T:script=latn;language=dflt;mapping=tex-text;!
Missing character: There is no 添 (U+6DFB) in font [texgyretermes-regular.otf]/O
T:script=latn;language=dflt;mapping=tex-text;!
Missing character: There is no 足 (U+8DB3) in font [texgyretermes-regular.otf]/O
T:script=latn;language=dflt;mapping=tex-text;!
[1



]
Underfull \hbox (badness 1178) in paragraph at lines 60--61
[]\TU/texgyretermes-regular.otf(0)/m/n/10.95 We provide a mechanistic explanati
on via
 []


Underfull \hbox (badness 3229) in paragraph at lines 60--61
\TU/texgyretermes-regular.otf(0)/m/n/10.95 and part-of-speech encodings; morphe
me
 []


Underfull \hbox (badness 2285) in paragraph at lines 61--62
\TU/texgyretermes-regular.otf(0)/m/n/10.95 families, training sizes (50–1000), 
and a
 []


Underfull \hbox (badness 2799) in paragraph at lines 62--63
\TU/texgyretermes-regular.otf(0)/m/n/10.95 transparency modulates performance, 
that
 []


Underfull \hbox (badness 2600) in paragraph at lines 62--63
\TU/texgyretermes-regular.otf(0)/m/n/10.95 OOV-only decomposition recovers qual
ity,
 []


Underfull \hbox (badness 4765) in paragraph at lines 72--73
\TU/texgyretermes-regular.otf(0)/m/n/10.95 eling and word segmentation. [][]Zha
o et al.[][]
 []


Underfull \hbox (badness 1558) in paragraph at lines 72--73
\TU/texgyretermes-regular.otf(0)/m/n/10.95 ders et al.[][] ([][]2020[][]) showe
d that wholesale sub-
 []


Underfull \hbox (badness 1286) in paragraph at lines 72--73
\TU/texgyretermes-regular.otf(0)/m/n/10.95 translation; decomposing \TU/texgyre
termes-regular.otf(0)/m/it/10.95 only \TU/texgyretermes-regular.otf(0)/m/n/10.9
5 OOV characters
 []


Underfull \hbox (badness 1259) in paragraph at lines 75--76
\TU/texgyretermes-regular.otf(0)/m/n/10.95 profile is qualitatively identical t
o cangjie and
 []


Underfull \hbox (badness 1052) in paragraph at lines 75--76
\TU/texgyretermes-regular.otf(0)/m/n/10.95 signal survives sub-character decomp
osition re-
 []


Underfull \hbox (badness 10000) in paragraph at lines 78--79
 []\TU/texgyretermes-regular.otf(0)/b/n/10.95 The BLEU artifact.[] [][]\TU/texg
yretermes-regular.otf(0)/m/n/10.95 Callison-Burch et al.[][]
 []


Underfull \hbox (badness 1097) in paragraph at lines 78--79
\TU/texgyretermes-regular.otf(0)/m/n/10.95 et al.[][] ([][]2021[][]); our contr
ibution is a systematic
 []

[2]

Package xeCJK Warning: Unknown CJK family `\CJKttdefault' is being ignored.
(xeCJK)                
(xeCJK)                Try to use `\setCJKmonofont[<...>]{<...>}' to define
(xeCJK)                it.

Package microtype Info: Loading generic protrusion settings for font family
(microtype)             `texgyrecursor-regular.otf' (encoding: TU).
(microtype)             For optimal results, create family-specific settings.
(microtype)             See the microtype manual for details.

Underfull \hbox (badness 2726) in paragraph at lines 92--93
 []\TU/texgyretermes-regular.otf(0)/b/n/10.95 Zh$\OMS/cmsy/m/n/10.95 !$\TU/texg
yretermes-regular.otf(0)/b/n/10.95 Ja.[] \TU/texgyretermes-regular.otf(0)/m/n/1
0.95 For cross-lingual generalization, we
 []


Underfull \hbox (badness 10000) in paragraph at lines 99--100
[]\TU/texgyretermes-regular.otf(0)/b/n/10.95 NLLB-200-distilled-600M \TU/texgyr
etermes-regular.otf(0)/m/n/10.95 ([][]Costa-jussà
 []


Underfull \hbox (badness 10000) in paragraph at lines 102--103
[]\TU/texgyretermes-regular.otf(0)/m/n/10.95 For Zh$\OMS/cmsy/m/n/10.95 !$\TU/t
exgyretermes-regular.otf(0)/m/n/10.95 Ja, we use Helsinki-NLP’s
 []


Underfull \hbox (badness 10000) in paragraph at lines 102--103
[] \TU/texgyretermes-regular.otf(0)/m/n/10.95 and NLLB-200
 []


Underfull \hbox (badness 10000) in paragraph at lines 102--103
\TU/texgyretermes-regular.otf(0)/m/n/10.95 with the \TU/texgyrecursor-regular.o
tf(0)/m/n/10.95 zho_Hans$\OMS/cmsy/m/n/10.95 !$\TU/texgyrecursor-regular.otf(0)
/m/n/10.95 jpn_Jpan \TU/texgyretermes-regular.otf(0)/m/n/10.95 language
 []


Underfull \hbox (badness 10000) in paragraph at lines 120--121
[]\TU/texgyretermes-regular.otf(0)/m/n/9 CHISE IDS direct components
 []


Underfull \hbox (badness 3965) in paragraph at lines 126--127
[]\TU/texgyretermes-regular.otf(0)/m/n/9 Unigram SentencePiece, 8k vocab,
 []


Underfull \hbox (badness 2818) in paragraph at lines 129--130
[]\TU/texgyretermes-regular.otf(0)/m/n/9 Radicals only for OOV characters;
 []


Overfull \hbox (9.4822pt too wide) in paragraph at lines 113--133
 [][] 
 []


Underfull \hbox (badness 10000) in paragraph at lines 144--145
[]\TU/texgyretermes-regular.otf(0)/b/n/10.95 chrF \TU/texgyretermes-regular.otf
(0)/m/n/10.95 ([][]Popović[][], [][]2015[][]) as an additional
 []


Package hyperref Warning: Token not allowed in a PDF string (Unicode):
(hyperref)                removing `math shift' on input line 154.


Package hyperref Warning: Token not allowed in a PDF string (Unicode):
(hyperref)                removing `\to' on input line 154.


Package hyperref Warning: Token not allowed in a PDF string (Unicode):
(hyperref)                removing `math shift' on input line 154.


Underfull \hbox (badness 1184) in paragraph at lines 182--183
\TU/texgyretermes-regular.otf(0)/m/n/10.95 pus BLEU drops for morphemes and SP 
rela-
 []


Underfull \hbox (badness 2027) in paragraph at lines 182--183
\TU/texgyretermes-regular.otf(0)/m/n/10.95 ducing longer hypotheses that are no
netheless
 []

File: figures/delta_bleu_comet.pdf Graphic file (type pdf)
<use figures/delta_bleu_comet.pdf>
Missing character: There is no 买 (U+4E70) in font [texgyretermes-regular.otf]/O
T:script=latn;language=dflt;mapping=tex-text;!
Missing character: There is no 椟 (U+691F) in font [texgyretermes-regular.otf]/O
T:script=latn;language=dflt;mapping=tex-text;!
Missing character: There is no 还 (U+8FD8) in font [texgyretermes-regular.otf]/O
T:script=latn;language=dflt;mapping=tex-text;!
Missing character: There is no 珠 (U+73E0) in font [texgyretermes-regular.otf]/O
T:script=latn;language=dflt;mapping=tex-text;!
[3]
Underfull \hbox (badness 1400) in paragraph at lines 194--195
\TU/texgyretermes-regular.otf(0)/m/n/10.95 than baseline despite COMET being ma
rkedly
 []


Underfull \vbox (badness 10000) has occurred while \output is active []

 [4]
Underfull \hbox (badness 1043) in paragraph at lines 278--279
\TU/texgyretermes-regular.otf(0)/m/n/10.95 drops $\OMS/cmsy/m/n/10.95 ^^@$\TU/t
exgyretermes-regular.otf(0)/m/n/10.95 0.12 below baseline on frequency and
 []

Missing character: There is no 明 (U+660E) in font [texgyretermes-regular.otf]/O
T:script=latn;language=dflt;mapping=tex-text;!
Missing character: There is no 日 (U+65E5) in font [texgyretermes-regular.otf]/O
T:script=latn;language=dflt;mapping=tex-text;!
Missing character: There is no 月 (U+6708) in font [texgyretermes-regular.otf]/O
T:script=latn;language=dflt;mapping=tex-text;!

Underfull \hbox (badness 1072) in paragraph at lines 285--286
\TU/texgyretermes-regular.otf(0)/m/n/10.95 ($\OML/cmm/m/it/10.95 >$\TU/texgyret
ermes-regular.otf(0)/m/n/10.95 0.6) and \TU/texgyretermes-regular.otf(0)/m/it/1
0.95 low-transparency \TU/texgyretermes-regular.otf(0)/m/n/10.95 ($\OML/cmm/m/i
t/10.95 <$\TU/texgyretermes-regular.otf(0)/m/n/10.95 0.4) strata and
 []

[5]
Underfull \hbox (badness 1472) in paragraph at lines 293--294
\TU/texgyretermes-regular.otf(0)/m/n/10.95 OOV tokens, leaving in-vocabulary to
kens un-
 []


Underfull \hbox (badness 1365) in paragraph at lines 293--294
\TU/texgyretermes-regular.otf(0)/m/n/10.95 sition. Under COMET, selective radic
als per-
 []


Package hyperref Warning: Token not allowed in a PDF string (Unicode):
(hyperref)                removing `math shift' on input line 295.


Package hyperref Warning: Token not allowed in a PDF string (Unicode):
(hyperref)                removing `\to' on input line 295.


Package hyperref Warning: Token not allowed in a PDF string (Unicode):
(hyperref)                removing `math shift' on input line 295.

Missing character: There is no 明 (U+660E) in font [texgyretermes-regular.otf]/O
T:script=latn;language=dflt;mapping=tex-text;!
Missing character: There is no 日 (U+65E5) in font [texgyretermes-regular.otf]/O
T:script=latn;language=dflt;mapping=tex-text;!
Missing character: There is no 月 (U+6708) in font [texgyretermes-regular.otf]/O
T:script=latn;language=dflt;mapping=tex-text;!
Missing character: There is no 稀 (U+7A00) in font [texgyretermes-regular.otf]/O
T:script=latn;language=dflt;mapping=tex-text;!

Underfull \hbox (badness 1112) in paragraph at lines 309--310
\TU/texgyretermes-regular.otf(0)/m/n/10.95 (only high-transparency characters, 
$\OMS/cmsy/m/n/10.95 ^^U$\TU/texgyretermes-regular.otf(0)/m/n/10.95 0.6 HKC-
 []

[6]
Overfull \hbox (20.81497pt too wide) in paragraph at lines 345--366
 [][] 
 []


Underfull \vbox (badness 2717) has occurred while \output is active []


Missing character: There is no 明 (U+660E) in font [texgyretermes-regular.otf]/O
T:script=latn;language=dflt;mapping=tex-text;!

Underfull \hbox (badness 1205) in paragraph at lines 380--381
 []\TU/texgyretermes-regular.otf(0)/b/n/10.95 Why does the baseline win?[] \TU/
texgyretermes-regular.otf(0)/m/n/10.95 Pretrained MT
 []


Underfull \hbox (badness 10000) in paragraph at lines 386--387
 []\TU/texgyretermes-regular.otf(0)/b/n/10.95 Practitioner implications.[] \TU/
texgyretermes-regular.otf(0)/m/n/10.95 For low-resource
 []


Underfull \hbox (badness 10000) in paragraph at lines 386--387
\TU/texgyretermes-regular.otf(0)/m/n/10.95 Chinese MT practitioners using pretr
ained
 []


Underfull \hbox (badness 6412) in paragraph at lines 386--387
\TU/texgyretermes-regular.otf(0)/m/n/10.95 multilingual models, our results str
ongly fa-
 []


Underfull \hbox (badness 1769) in paragraph at lines 386--387
\TU/texgyretermes-regular.otf(0)/m/n/10.95 vor the raw-character baseline. Sub-
character
 []


Underfull \hbox (badness 4132) in paragraph at lines 386--387
\TU/texgyretermes-regular.otf(0)/m/n/10.95 schemes carry no reward and introduc
e real
 []


Underfull \hbox (badness 4779) in paragraph at lines 386--387
\TU/texgyretermes-regular.otf(0)/m/n/10.95 risk—especially radical decompositio
n, which
 []

Missing character: There is no 木 (U+6728) in font [texgyretermes-regular.otf]/O
T:script=latn;language=dflt;mapping=tex-text;!
Missing character: There is no 森 (U+68EE) in font [texgyretermes-regular.otf]/O
T:script=latn;language=dflt;mapping=tex-text;!

Underfull \hbox (badness 10000) in paragraph at lines 389--390
 []\TU/texgyretermes-regular.otf(0)/b/n/10.95 Open questions: meaning-grounded 
char-
 []


Underfull \hbox (badness 10000) in paragraph at lines 389--390
\TU/texgyretermes-regular.otf(0)/b/n/10.95 acter knowledge.[] \TU/texgyretermes
-regular.otf(0)/m/n/10.95 Our results close one
 []


Underfull \hbox (badness 10000) in paragraph at lines 389--390
\TU/texgyretermes-regular.otf(0)/m/n/10.95 specific intervention—input-level ch
arac-
 []


Underfull \hbox (badness 10000) in paragraph at lines 389--390
\TU/texgyretermes-regular.otf(0)/m/n/10.95 ter decomposition—but leave open whe
ther
 []


Underfull \hbox (badness 1199) in paragraph at lines 389--390
\TU/texgyretermes-regular.otf(0)/m/n/10.95 is tested here. Two directions follo
w directly
 []


Underfull \hbox (badness 4168) in paragraph at lines 389--390
\TU/texgyretermes-regular.otf(0)/m/n/10.95 interaction (§[][]5.2[][]) establish
es that the current
 []


Underfull \hbox (badness 2189) in paragraph at lines 389--390
\TU/texgyretermes-regular.otf(0)/m/n/10.95 encoder cannot exploit the meaning s
ignal in
 []


Underfull \hbox (badness 2351) in paragraph at lines 389--390
\TU/texgyretermes-regular.otf(0)/m/n/10.95 definition prediction—using dictiona
ry data to
 []


Underfull \hbox (badness 1314) in paragraph at lines 389--390
\TU/texgyretermes-regular.otf(0)/m/n/10.95 targets alone. Both directions would
 need to
 []


Underfull \hbox (badness 2744) in paragraph at lines 389--390
\TU/texgyretermes-regular.otf(0)/m/n/10.95 demonstrate gains specifically on se
mantically
 []

[7]
Underfull \hbox (badness 1406) in paragraph at lines 396--397
\TU/texgyretermes-regular.otf(0)/m/n/10.95 as-judge preference, and bootstrap s
ignificance
 []


Underfull \hbox (badness 1552) in paragraph at lines 396--397
\TU/texgyretermes-regular.otf(0)/m/n/10.95 resentation increasing token count r
educes the
 []

Missing character: There is no 画 (U+753B) in font [texgyretermes-regular.otf]/O
T:script=latn;language=dflt;mapping=tex-text;!
Missing character: There is no 蛇 (U+86C7) in font [texgyretermes-regular.otf]/O
T:script=latn;language=dflt;mapping=tex-text;!
Missing character: There is no 添 (U+6DFB) in font [texgyretermes-regular.otf]/O
T:script=latn;language=dflt;mapping=tex-text;!
Missing character: There is no 足 (U+8DB3) in font [texgyretermes-regular.otf]/O
T:script=latn;language=dflt;mapping=tex-text;!
Missing character: There is no 买 (U+4E70) in font [texgyretermes-regular.otf]/O
T:script=latn;language=dflt;mapping=tex-text;!
Missing character: There is no 椟 (U+691F) in font [texgyretermes-regular.otf]/O
T:script=latn;language=dflt;mapping=tex-text;!
Missing character: There is no 还 (U+8FD8) in font [texgyretermes-regular.otf]/O
T:script=latn;language=dflt;mapping=tex-text;!
Missing character: There is no 珠 (U+73E0) in font [texgyretermes-regular.otf]/O
T:script=latn;language=dflt;mapping=tex-text;!

Underfull \hbox (badness 1189) in paragraph at lines 404--405
\TU/texgyretermes-regular.otf(0)/m/n/10.95 ing corpora, or training-from-scratc
h scenarios.
 []

(./main.bbl
Underfull \hbox (badness 1960) in paragraph at lines 6--10
[]\TU/texgyretermes-regular.otf(0)/m/n/10 Chris Callison-Burch, Miles Osborne, 
and Philipp
 []

[8]
Underfull \hbox (badness 1796) in paragraph at lines 50--57
[]\TU/texgyretermes-regular.otf(0)/m/n/10 Markus Freitag, Ricardo Rei, Nitika M
athur, Chi-
 []


Underfull \hbox (badness 10000) in paragraph at lines 60--66
\TU/texgyretermes-regular.otf(0)/m/n/10 Chaudhary, and Marc’Aurelio Ranzato. 20
19.
 []


Underfull \hbox (badness 1715) in paragraph at lines 122--128
[]\TU/texgyretermes-regular.otf(0)/m/n/10 Ricardo Rei, José G. C. de Souza, Dua
rte Alves,
 []


Underfull \hbox (badness 2894) in paragraph at lines 131--136
[]\TU/texgyretermes-regular.otf(0)/m/n/10 Danielle Saunders, Wenda Feely, and B
ill Byrne.
 []


Underfull \hbox (badness 10000) in paragraph at lines 177--182
\TU/texgyretermes-regular.otf(0)/m/n/10 English neural machine translation with
 sub-
 []

[9]) [10

] [11] (./main.aux)
 ***********
LaTeX2e <2023-11-01> patch level 1
L3 programming layer <2022/08/05>
 ***********
Package rerunfilecheck Info: File `main.out' has not changed.
(rerunfilecheck)             Checksum: D97C8D70BF4084474048303E088DA060;3094.
 ) 
Here is how much of TeX's memory you used:
 18009 strings out of 474761
 370550 string characters out of 5755729
 1965145 words of memory out of 5000000
 39933 multiletter control sequences out of 15000+600000
 566799 words of font info for 104 fonts, out of 8000000 for 9000
 1348 hyphenation exceptions out of 8191
 84i,11n,93p,1794b,559s stack positions out of 10000i,1000n,20000p,200000b,200000s

Output written on main.pdf (11 pages).
